info it worked if it ends with ok
verbose cli [ 'C:\\Program Files (x86)\\nodejs\\\\node.exe',
verbose cli   'C:\\Program Files (x86)\\nodejs\\node_modules\\npm\\bin\\npm-cli.js',
verbose cli   'install',
verbose cli   'less-compiler' ]
info using npm@1.1.16
info using node@v0.6.15
verbose C:\Program Files (x86)\nodejs\\node.exe node symlink
verbose config file C:\Users\Administrator\.npmrc
verbose config file C:\Program Files (x86)\nodejs\etc\npmrc
verbose config file C:\Program Files (x86)\nodejs\node_modules\npm\npmrc
verbose cache add [ 'less-compiler', null ]
silly cache add: name, spec, args [ undefined, 'less-compiler', [ 'less-compiler', null ] ]
verbose parsed url { pathname: 'less-compiler',
verbose parsed url   path: 'less-compiler',
verbose parsed url   href: 'less-compiler' }
verbose addNamed [ 'less-compiler', '' ]
verbose addNamed [ null, '' ]
silly name, range, hasData [ 'less-compiler', '', false ]
verbose raw, before any munging less-compiler
verbose url resolving [ 'https://registry.npmjs.org/', './less-compiler' ]
verbose url resolved https://registry.npmjs.org/less-compiler
http GET https://registry.npmjs.org/less-compiler
http 404 https://registry.npmjs.org/less-compiler
silly get cb [ 404,
silly get cb   { server: 'CouchDB/1.2.0 (Erlang OTP/R15B)',
silly get cb     date: 'Wed, 25 Apr 2012 04:29:07 GMT',
silly get cb     'content-type': 'application/json',
silly get cb     'content-length': '52',
silly get cb     'cache-control': 'must-revalidate' } ]
ERR! 404 'less-compiler' is not in the npm registry.
ERR! 404 You should bug the author to publish it
ERR! 404 Note that you can also install from a
ERR! 404 tarball, folder, or http url, or git url.
ERR! 
ERR! System Windows_NT 6.1.7601
ERR! command "C:\\Program Files (x86)\\nodejs\\\\node.exe" "C:\\Program Files (x86)\\nodejs\\node_modules\\npm\\bin\\npm-cli.js" "install" "less-compiler"
ERR! cwd E:\workspaces\avaUI\static\less
ERR! node -v v0.6.15
ERR! npm -v 1.1.16
ERR! code E404
ERR! message 404 Not Found: less-compiler
ERR! errno {}
verbose exit [ 1, true ]
